# JRE version: Java(TM) SE Runtime Environment (20.0.2+9) (build 20.0.2+9-78)
# Java VM: Java HotSpot(TM) 64-Bit Server VM (20.0.2+9-78, mixed mode, sharing, tiered, compressed oops, compressed class ptrs, g1 gc, windows-amd64)
GC Precious Log:
 CardTable entry size: 512
 Card Set container configuration: InlinePtr #cards 5 size 8 Array Of Cards #cards 12 size 40 Howl #buckets 4 coarsen threshold 1843 Howl Bitmap #cards 512 size 80 coarsen threshold 460 Card regions per heap region 1 cards per card region 2048
 CPUs: 16 total, 16 available
 Memory: 15791M
 Large Page Support: Disabled
 NUMA Support: Disabled
 Compressed Oops: Enabled (32-bit)
 Heap Region Size: 1M
 Heap Min Capacity: 8M
 Heap Initial Capacity: 248M
 Heap Max Capacity: 2G
 Pre-touch: Disabled
 Parallel Workers: 13
 Concurrent Workers: 3
 Concurrent Refinement Workers: 13
 Periodic GC: Disabled
Heap:
 garbage-first heap   total 229376K, used 210811K [0x0000000080000000, 0x0000000100000000)
  region size 1024K, 57 young (58368K), 5 survivors (5120K)
 Metaspace       used 142015K, committed 144640K, reserved 1179648K
  class space    used 18433K, committed 19776K, reserved 1048576K
GC Heap History (20 events):
Event: 13.234 GC heap before
{Heap before GC invocations=27 (full 0):
 garbage-first heap   total 157696K, used 120377K [0x0000000080000000, 0x0000000100000000)
  region size 1024K, 25 young (25600K), 2 survivors (2048K)
 Metaspace       used 115963K, committed 118208K, reserved 1179648K
  class space    used 14886K, committed 16000K, reserved 1048576K
}
Event: 13.237 GC heap after
{Heap after GC invocations=28 (full 0):
 garbage-first heap   total 157696K, used 100139K [0x0000000080000000, 0x0000000100000000)
  region size 1024K, 4 young (4096K), 4 survivors (4096K)
 Metaspace       used 115963K, committed 118208K, reserved 1179648K
  class space    used 14886K, committed 16000K, reserved 1048576K
}
Event: 13.669 GC heap before
{Heap before GC invocations=29 (full 0):
 garbage-first heap   total 196608K, used 148267K [0x0000000080000000, 0x0000000100000000)
  region size 1024K, 45 young (46080K), 4 survivors (4096K)
 Metaspace       used 118867K, committed 121152K, reserved 1179648K
  class space    used 15252K, committed 16384K, reserved 1048576K
}
Event: 13.673 GC heap after
{Heap after GC invocations=30 (full 0):
 garbage-first heap   total 196608K, used 103827K [0x0000000080000000, 0x0000000100000000)
  region size 1024K, 6 young (6144K), 6 survivors (6144K)
 Metaspace       used 118867K, committed 121152K, reserved 1179648K
  class space    used 15252K, committed 16384K, reserved 1048576K
}
Event: 14.311 GC heap before
{Heap before GC invocations=30 (full 0):
 garbage-first heap   total 196608K, used 167315K [0x0000000080000000, 0x0000000100000000)
  region size 1024K, 68 young (69632K), 6 survivors (6144K)
 Metaspace       used 120305K, committed 122624K, reserved 1179648K
  class space    used 15408K, committed 16576K, reserved 1048576K
}
Event: 14.319 GC heap after
{Heap after GC invocations=31 (full 0):
 garbage-first heap   total 196608K, used 108247K [0x0000000080000000, 0x0000000100000000)
  region size 1024K, 9 young (9216K), 9 survivors (9216K)
 Metaspace       used 120305K, committed 122624K, reserved 1179648K
  class space    used 15408K, committed 16576K, reserved 1048576K
}
Event: 14.734 GC heap before
{Heap before GC invocations=31 (full 0):
 garbage-first heap   total 196608K, used 167639K [0x0000000080000000, 0x0000000100000000)
  region size 1024K, 66 young (67584K), 9 survivors (9216K)
 Metaspace       used 120448K, committed 122752K, reserved 1179648K
  class space    used 15408K, committed 16576K, reserved 1048576K
}
Event: 14.740 GC heap after
{Heap after GC invocations=32 (full 0):
 garbage-first heap   total 196608K, used 115400K [0x0000000080000000, 0x0000000100000000)
  region size 1024K, 7 young (7168K), 7 survivors (7168K)
 Metaspace       used 120448K, committed 122752K, reserved 1179648K
  class space    used 15408K, committed 16576K, reserved 1048576K
}
Event: 15.657 GC heap before
{Heap before GC invocations=32 (full 0):
 garbage-first heap   total 196608K, used 170696K [0x0000000080000000, 0x0000000100000000)
  region size 1024K, 61 young (62464K), 7 survivors (7168K)
 Metaspace       used 121893K, committed 124224K, reserved 1179648K
  class space    used 15462K, committed 16640K, reserved 1048576K
}
Event: 15.662 GC heap after
{Heap after GC invocations=33 (full 0):
 garbage-first heap   total 196608K, used 122715K [0x0000000080000000, 0x0000000100000000)
  region size 1024K, 8 young (8192K), 8 survivors (8192K)
 Metaspace       used 121893K, committed 124224K, reserved 1179648K
  class space    used 15462K, committed 16640K, reserved 1048576K
}
Event: 16.429 GC heap before
{Heap before GC invocations=34 (full 0):
 garbage-first heap   total 209920K, used 173915K [0x0000000080000000, 0x0000000100000000)
  region size 1024K, 58 young (59392K), 8 survivors (8192K)
 Metaspace       used 127808K, committed 130176K, reserved 1179648K
  class space    used 16435K, committed 17600K, reserved 1048576K
}
Event: 16.433 GC heap after
{Heap after GC invocations=35 (full 0):
 garbage-first heap   total 209920K, used 126249K [0x0000000080000000, 0x0000000100000000)
  region size 1024K, 4 young (4096K), 4 survivors (4096K)
 Metaspace       used 127808K, committed 130176K, reserved 1179648K
  class space    used 16435K, committed 17600K, reserved 1048576K
}
Event: 17.305 GC heap before
{Heap before GC invocations=35 (full 0):
 garbage-first heap   total 209920K, used 185641K [0x0000000080000000, 0x0000000100000000)
  region size 1024K, 62 young (63488K), 4 survivors (4096K)
 Metaspace       used 134456K, committed 136896K, reserved 1179648K
  class space    used 17375K, committed 18624K, reserved 1048576K
}
Event: 17.312 GC heap after
{Heap after GC invocations=36 (full 0):
 garbage-first heap   total 209920K, used 121963K [0x0000000080000000, 0x0000000100000000)
  region size 1024K, 8 young (8192K), 8 survivors (8192K)
 Metaspace       used 134456K, committed 136896K, reserved 1179648K
  class space    used 17375K, committed 18624K, reserved 1048576K
}
Event: 17.919 GC heap before
{Heap before GC invocations=36 (full 0):
 garbage-first heap   total 209920K, used 186475K [0x0000000080000000, 0x0000000100000000)
  region size 1024K, 71 young (72704K), 8 survivors (8192K)
 Metaspace       used 136458K, committed 138880K, reserved 1179648K
  class space    used 17627K, committed 18816K, reserved 1048576K
}
Event: 17.926 GC heap after
{Heap after GC invocations=37 (full 0):
 garbage-first heap   total 209920K, used 131072K [0x0000000080000000, 0x0000000100000000)
  region size 1024K, 9 young (9216K), 9 survivors (9216K)
 Metaspace       used 136458K, committed 138880K, reserved 1179648K
  class space    used 17627K, committed 18816K, reserved 1048576K
}
Event: 18.533 GC heap before
{Heap before GC invocations=37 (full 0):
 garbage-first heap   total 209920K, used 188416K [0x0000000080000000, 0x0000000100000000)
  region size 1024K, 66 young (67584K), 9 survivors (9216K)
 Metaspace       used 138811K, committed 141312K, reserved 1179648K
  class space    used 18072K, committed 19328K, reserved 1048576K
}
Event: 18.540 GC heap after
{Heap after GC invocations=38 (full 0):
 garbage-first heap   total 209920K, used 137044K [0x0000000080000000, 0x0000000100000000)
  region size 1024K, 5 young (5120K), 5 survivors (5120K)
 Metaspace       used 138811K, committed 141312K, reserved 1179648K
  class space    used 18072K, committed 19328K, reserved 1048576K
}
Event: 19.141 GC heap before
{Heap before GC invocations=39 (full 0):
 garbage-first heap   total 229376K, used 188244K [0x0000000080000000, 0x0000000100000000)
  region size 1024K, 59 young (60416K), 5 survivors (5120K)
 Metaspace       used 140536K, committed 143104K, reserved 1179648K
  class space    used 18200K, committed 19456K, reserved 1048576K
}
Event: 19.147 GC heap after
{Heap after GC invocations=40 (full 0):
 garbage-first heap   total 229376K, used 137083K [0x0000000080000000, 0x0000000100000000)
  region size 1024K, 5 young (5120K), 5 survivors (5120K)
 Metaspace       used 140536K, committed 143104K, reserved 1179648K
  class space    used 18200K, committed 19456K, reserved 1048576K
}

