# JRE version: OpenJDK Runtime Environment (17.0.6) (build 17.0.6+0-b2043.56-10027231)
# Java VM: OpenJDK 64-Bit Server VM (17.0.6+0-b2043.56-10027231, mixed mode, tiered, compressed oops, compressed class ptrs, g1 gc, windows-amd64)
GC Precious Log:
 CPUs: 16 total, 16 available
 Memory: 15791M
 Large Page Support: Disabled
 NUMA Support: Disabled
 Compressed Oops: Enabled (32-bit)
 Heap Region Size: 1M
 Heap Min Capacity: 8M
 Heap Initial Capacity: 248M
 Heap Max Capacity: 2G
 Pre-touch: Disabled
 Parallel Workers: 13
 Concurrent Workers: 3
 Concurrent Refinement Workers: 13
 Periodic GC: Disabled
Heap:
 garbage-first heap   total 167936K, used 118369K [0x0000000080000000, 0x0000000100000000)
  region size 1024K, 7 young (7168K), 4 survivors (4096K)
 Metaspace       used 84085K, committed 84800K, reserved 1122304K
  class space    used 11426K, committed 11776K, reserved 1048576K
GC Heap History (20 events):
Event: 9.895 GC heap before
{Heap before GC invocations=28 (full 0):
 garbage-first heap   total 149504K, used 82488K [0x0000000080000000, 0x0000000100000000)
  region size 1024K, 11 young (11264K), 5 survivors (5120K)
 Metaspace       used 57107K, committed 57728K, reserved 1105920K
  class space    used 7648K, committed 7936K, reserved 1048576K
}
Event: 9.898 GC heap after
{Heap after GC invocations=29 (full 0):
 garbage-first heap   total 149504K, used 81054K [0x0000000080000000, 0x0000000100000000)
  region size 1024K, 5 young (5120K), 5 survivors (5120K)
 Metaspace       used 57107K, committed 57728K, reserved 1105920K
  class space    used 7648K, committed 7936K, reserved 1048576K
}
Event: 10.242 GC heap before
{Heap before GC invocations=30 (full 0):
 garbage-first heap   total 149504K, used 107678K [0x0000000080000000, 0x0000000100000000)
  region size 1024K, 30 young (30720K), 5 survivors (5120K)
 Metaspace       used 60228K, committed 60864K, reserved 1105920K
  class space    used 8079K, committed 8384K, reserved 1048576K
}
Event: 10.244 GC heap after
{Heap after GC invocations=31 (full 0):
 garbage-first heap   total 149504K, used 83141K [0x0000000080000000, 0x0000000100000000)
  region size 1024K, 3 young (3072K), 3 survivors (3072K)
 Metaspace       used 60228K, committed 60864K, reserved 1105920K
  class space    used 8079K, committed 8384K, reserved 1048576K
}
Event: 10.760 GC heap before
{Heap before GC invocations=31 (full 0):
 garbage-first heap   total 149504K, used 108741K [0x0000000080000000, 0x0000000100000000)
  region size 1024K, 29 young (29696K), 3 survivors (3072K)
 Metaspace       used 65022K, committed 65728K, reserved 1105920K
  class space    used 8684K, committed 9024K, reserved 1048576K
}
Event: 10.763 GC heap after
{Heap after GC invocations=32 (full 0):
 garbage-first heap   total 149504K, used 84321K [0x0000000080000000, 0x0000000100000000)
  region size 1024K, 4 young (4096K), 4 survivors (4096K)
 Metaspace       used 65022K, committed 65728K, reserved 1105920K
  class space    used 8684K, committed 9024K, reserved 1048576K
}
Event: 10.925 GC heap before
{Heap before GC invocations=33 (full 0):
 garbage-first heap   total 149504K, used 92513K [0x0000000080000000, 0x0000000100000000)
  region size 1024K, 13 young (13312K), 4 survivors (4096K)
 Metaspace       used 66874K, committed 67584K, reserved 1114112K
  class space    used 8909K, committed 9216K, reserved 1048576K
}
Event: 10.928 GC heap after
{Heap after GC invocations=34 (full 0):
 garbage-first heap   total 149504K, used 85792K [0x0000000080000000, 0x0000000100000000)
  region size 1024K, 3 young (3072K), 3 survivors (3072K)
 Metaspace       used 66874K, committed 67584K, reserved 1114112K
  class space    used 8909K, committed 9216K, reserved 1048576K
}
Event: 11.182 GC heap before
{Heap before GC invocations=35 (full 0):
 garbage-first heap   total 167936K, used 120608K [0x0000000080000000, 0x0000000100000000)
  region size 1024K, 31 young (31744K), 3 survivors (3072K)
 Metaspace       used 68729K, committed 69440K, reserved 1114112K
  class space    used 9156K, committed 9472K, reserved 1048576K
}
Event: 11.185 GC heap after
{Heap after GC invocations=36 (full 0):
 garbage-first heap   total 167936K, used 88343K [0x0000000080000000, 0x0000000100000000)
  region size 1024K, 4 young (4096K), 4 survivors (4096K)
 Metaspace       used 68729K, committed 69440K, reserved 1114112K
  class space    used 9156K, committed 9472K, reserved 1048576K
}
Event: 11.684 GC heap before
{Heap before GC invocations=36 (full 0):
 garbage-first heap   total 167936K, used 125207K [0x0000000080000000, 0x0000000100000000)
  region size 1024K, 40 young (40960K), 4 survivors (4096K)
 Metaspace       used 72896K, committed 73536K, reserved 1114112K
  class space    used 9733K, committed 10048K, reserved 1048576K
}
Event: 11.687 GC heap after
{Heap after GC invocations=37 (full 0):
 garbage-first heap   total 167936K, used 90524K [0x0000000080000000, 0x0000000100000000)
  region size 1024K, 3 young (3072K), 3 survivors (3072K)
 Metaspace       used 72896K, committed 73536K, reserved 1114112K
  class space    used 9733K, committed 10048K, reserved 1048576K
}
Event: 12.180 GC heap before
{Heap before GC invocations=38 (full 0):
 garbage-first heap   total 167936K, used 126364K [0x0000000080000000, 0x0000000100000000)
  region size 1024K, 39 young (39936K), 3 survivors (3072K)
 Metaspace       used 76491K, committed 77184K, reserved 1122304K
  class space    used 10184K, committed 10496K, reserved 1048576K
}
Event: 12.183 GC heap after
{Heap after GC invocations=39 (full 0):
 garbage-first heap   total 167936K, used 93289K [0x0000000080000000, 0x0000000100000000)
  region size 1024K, 5 young (5120K), 5 survivors (5120K)
 Metaspace       used 76491K, committed 77184K, reserved 1122304K
  class space    used 10184K, committed 10496K, reserved 1048576K
}
Event: 12.315 GC heap before
{Heap before GC invocations=39 (full 0):
 garbage-first heap   total 167936K, used 102505K [0x0000000080000000, 0x0000000100000000)
  region size 1024K, 15 young (15360K), 5 survivors (5120K)
 Metaspace       used 77499K, committed 78144K, reserved 1122304K
  class space    used 10337K, committed 10624K, reserved 1048576K
}
Event: 12.318 GC heap after
{Heap after GC invocations=40 (full 0):
 garbage-first heap   total 167936K, used 93862K [0x0000000080000000, 0x0000000100000000)
  region size 1024K, 4 young (4096K), 4 survivors (4096K)
 Metaspace       used 77499K, committed 78144K, reserved 1122304K
  class space    used 10337K, committed 10624K, reserved 1048576K
}
Event: 12.934 GC heap before
{Heap before GC invocations=41 (full 0):
 garbage-first heap   total 167936K, used 133798K [0x0000000080000000, 0x0000000100000000)
  region size 1024K, 42 young (43008K), 4 survivors (4096K)
 Metaspace       used 82098K, committed 82752K, reserved 1122304K
  class space    used 11164K, committed 11456K, reserved 1048576K
}
Event: 12.939 GC heap after
{Heap after GC invocations=42 (full 0):
 garbage-first heap   total 167936K, used 95843K [0x0000000080000000, 0x0000000100000000)
  region size 1024K, 3 young (3072K), 3 survivors (3072K)
 Metaspace       used 82098K, committed 82752K, reserved 1122304K
  class space    used 11164K, committed 11456K, reserved 1048576K
}
Event: 13.195 GC heap before
{Heap before GC invocations=42 (full 0):
 garbage-first heap   total 167936K, used 110179K [0x0000000080000000, 0x0000000100000000)
  region size 1024K, 18 young (18432K), 3 survivors (3072K)
 Metaspace       used 84084K, committed 84800K, reserved 1122304K
  class space    used 11426K, committed 11776K, reserved 1048576K
}
Event: 13.198 GC heap after
{Heap after GC invocations=43 (full 0):
 garbage-first heap   total 167936K, used 96865K [0x0000000080000000, 0x0000000100000000)
  region size 1024K, 4 young (4096K), 4 survivors (4096K)
 Metaspace       used 84084K, committed 84800K, reserved 1122304K
  class space    used 11426K, committed 11776K, reserved 1048576K
}

