# JRE version: OpenJDK Runtime Environment (17.0.6) (build 17.0.6+0-b2043.56-10027231)
# Java VM: OpenJDK 64-Bit Server VM (17.0.6+0-b2043.56-10027231, mixed mode, tiered, compressed oops, compressed class ptrs, g1 gc, windows-amd64)
GC Precious Log:
 CPUs: 16 total, 16 available
 Memory: 15791M
 Large Page Support: Disabled
 NUMA Support: Disabled
 Compressed Oops: Enabled (32-bit)
 Heap Region Size: 1M
 Heap Min Capacity: 8M
 Heap Initial Capacity: 248M
 Heap Max Capacity: 2G
 Pre-touch: Disabled
 Parallel Workers: 13
 Concurrent Workers: 3
 Concurrent Refinement Workers: 13
 Periodic GC: Disabled
Heap:
 garbage-first heap   total 305152K, used 180763K [0x0000000080000000, 0x0000000100000000)
  region size 1024K, 78 young (79872K), 6 survivors (6144K)
 Metaspace       used 134619K, committed 135744K, reserved 1171456K
  class space    used 18760K, committed 19328K, reserved 1048576K
GC Heap History (20 events):
Event: 30.242 GC heap before
{Heap before GC invocations=49 (full 0):
 garbage-first heap   total 143360K, used 116685K [0x0000000080000000, 0x0000000100000000)
  region size 1024K, 40 young (40960K), 3 survivors (3072K)
 Metaspace       used 91981K, committed 92736K, reserved 1130496K
  class space    used 12574K, committed 12928K, reserved 1048576K
}
Event: 30.246 GC heap after
{Heap after GC invocations=50 (full 0):
 garbage-first heap   total 143360K, used 82568K [0x0000000080000000, 0x0000000100000000)
  region size 1024K, 5 young (5120K), 5 survivors (5120K)
 Metaspace       used 91981K, committed 92736K, reserved 1130496K
  class space    used 12574K, committed 12928K, reserved 1048576K
}
Event: 30.558 GC heap before
{Heap before GC invocations=50 (full 0):
 garbage-first heap   total 143360K, used 119431K [0x0000000080000000, 0x0000000100000000)
  region size 1024K, 41 young (41984K), 5 survivors (5120K)
 Metaspace       used 93618K, committed 94272K, reserved 1130496K
  class space    used 12734K, committed 13056K, reserved 1048576K
}
Event: 30.564 GC heap after
{Heap after GC invocations=51 (full 0):
 garbage-first heap   total 143360K, used 85888K [0x0000000080000000, 0x0000000100000000)
  region size 1024K, 6 young (6144K), 6 survivors (6144K)
 Metaspace       used 93618K, committed 94272K, reserved 1130496K
  class space    used 12734K, committed 13056K, reserved 1048576K
}
Event: 30.918 GC heap before
{Heap before GC invocations=51 (full 0):
 garbage-first heap   total 143360K, used 119680K [0x0000000080000000, 0x0000000100000000)
  region size 1024K, 40 young (40960K), 6 survivors (6144K)
 Metaspace       used 94237K, committed 94848K, reserved 1138688K
  class space    used 12808K, committed 13120K, reserved 1048576K
}
Event: 30.924 GC heap after
{Heap after GC invocations=52 (full 0):
 garbage-first heap   total 305152K, used 88964K [0x0000000080000000, 0x0000000100000000)
  region size 1024K, 4 young (4096K), 4 survivors (4096K)
 Metaspace       used 94237K, committed 94848K, reserved 1138688K
  class space    used 12808K, committed 13120K, reserved 1048576K
}
Event: 33.110 GC heap before
{Heap before GC invocations=52 (full 0):
 garbage-first heap   total 305152K, used 232324K [0x0000000080000000, 0x0000000100000000)
  region size 1024K, 143 young (146432K), 4 survivors (4096K)
 Metaspace       used 99909K, committed 100608K, reserved 1138688K
  class space    used 13636K, committed 14016K, reserved 1048576K
}
Event: 33.117 GC heap after
{Heap after GC invocations=53 (full 0):
 garbage-first heap   total 305152K, used 96344K [0x0000000080000000, 0x0000000100000000)
  region size 1024K, 11 young (11264K), 11 survivors (11264K)
 Metaspace       used 99909K, committed 100608K, reserved 1138688K
  class space    used 13636K, committed 14016K, reserved 1048576K
}
Event: 34.540 GC heap before
{Heap before GC invocations=53 (full 0):
 garbage-first heap   total 305152K, used 240728K [0x0000000080000000, 0x0000000100000000)
  region size 1024K, 152 young (155648K), 11 survivors (11264K)
 Metaspace       used 114883K, committed 115712K, reserved 1155072K
  class space    used 16289K, committed 16704K, reserved 1048576K
}
Event: 34.547 GC heap after
{Heap after GC invocations=54 (full 0):
 garbage-first heap   total 305152K, used 97394K [0x0000000080000000, 0x0000000100000000)
  region size 1024K, 9 young (9216K), 9 survivors (9216K)
 Metaspace       used 114883K, committed 115712K, reserved 1155072K
  class space    used 16289K, committed 16704K, reserved 1048576K
}
Event: 40.634 GC heap before
{Heap before GC invocations=54 (full 0):
 garbage-first heap   total 305152K, used 271474K [0x0000000080000000, 0x0000000100000000)
  region size 1024K, 157 young (160768K), 9 survivors (9216K)
 Metaspace       used 120461K, committed 121344K, reserved 1155072K
  class space    used 17155K, committed 17600K, reserved 1048576K
}
Event: 40.644 GC heap after
{Heap after GC invocations=55 (full 0):
 garbage-first heap   total 305152K, used 103692K [0x0000000080000000, 0x0000000100000000)
  region size 1024K, 15 young (15360K), 15 survivors (15360K)
 Metaspace       used 120461K, committed 121344K, reserved 1155072K
  class space    used 17155K, committed 17600K, reserved 1048576K
}
Event: 657.582 GC heap before
{Heap before GC invocations=55 (full 0):
 garbage-first heap   total 305152K, used 248076K [0x0000000080000000, 0x0000000100000000)
  region size 1024K, 157 young (160768K), 15 survivors (15360K)
 Metaspace       used 126333K, committed 127232K, reserved 1163264K
  class space    used 17908K, committed 18368K, reserved 1048576K
}
Event: 657.592 GC heap after
{Heap after GC invocations=56 (full 0):
 garbage-first heap   total 305152K, used 110264K [0x0000000080000000, 0x0000000100000000)
  region size 1024K, 17 young (17408K), 17 survivors (17408K)
 Metaspace       used 126333K, committed 127232K, reserved 1163264K
  class space    used 17908K, committed 18368K, reserved 1048576K
}
Event: 758.354 GC heap before
{Heap before GC invocations=56 (full 0):
 garbage-first heap   total 305152K, used 263864K [0x0000000080000000, 0x0000000100000000)
  region size 1024K, 148 young (151552K), 17 survivors (17408K)
 Metaspace       used 132973K, committed 133952K, reserved 1171456K
  class space    used 18643K, committed 19136K, reserved 1048576K
}
Event: 758.359 GC heap after
{Heap after GC invocations=57 (full 0):
 garbage-first heap   total 305152K, used 107027K [0x0000000080000000, 0x0000000100000000)
  region size 1024K, 4 young (4096K), 4 survivors (4096K)
 Metaspace       used 132973K, committed 133952K, reserved 1171456K
  class space    used 18643K, committed 19136K, reserved 1048576K
}
Event: 961.382 GC heap before
{Heap before GC invocations=57 (full 0):
 garbage-first heap   total 305152K, used 247315K [0x0000000080000000, 0x0000000100000000)
  region size 1024K, 142 young (145408K), 4 survivors (4096K)
 Metaspace       used 133476K, committed 134528K, reserved 1171456K
  class space    used 18682K, committed 19200K, reserved 1048576K
}
Event: 961.388 GC heap after
{Heap after GC invocations=58 (full 0):
 garbage-first heap   total 305152K, used 109837K [0x0000000080000000, 0x0000000100000000)
  region size 1024K, 9 young (9216K), 9 survivors (9216K)
 Metaspace       used 133476K, committed 134528K, reserved 1171456K
  class space    used 18682K, committed 19200K, reserved 1048576K
}
Event: 1031.060 GC heap before
{Heap before GC invocations=58 (full 0):
 garbage-first heap   total 305152K, used 268557K [0x0000000080000000, 0x0000000100000000)
  region size 1024K, 145 young (148480K), 9 survivors (9216K)
 Metaspace       used 134257K, committed 135296K, reserved 1171456K
  class space    used 18723K, committed 19264K, reserved 1048576K
}
Event: 1031.064 GC heap after
{Heap after GC invocations=59 (full 0):
 garbage-first heap   total 305152K, used 109083K [0x0000000080000000, 0x0000000100000000)
  region size 1024K, 6 young (6144K), 6 survivors (6144K)
 Metaspace       used 134257K, committed 135296K, reserved 1171456K
  class space    used 18723K, committed 19264K, reserved 1048576K
}

