# JRE version: OpenJDK Runtime Environment (17.0.6) (build 17.0.6+0-b2043.56-10027231)
# Java VM: OpenJDK 64-Bit Server VM (17.0.6+0-b2043.56-10027231, mixed mode, tiered, compressed oops, compressed class ptrs, g1 gc, windows-amd64)
GC Precious Log:
 CPUs: 16 total, 16 available
 Memory: 15791M
 Large Page Support: Disabled
 NUMA Support: Disabled
 Compressed Oops: Enabled (32-bit)
 Heap Region Size: 1M
 Heap Min Capacity: 8M
 Heap Initial Capacity: 248M
 Heap Max Capacity: 2G
 Pre-touch: Disabled
 Parallel Workers: 13
 Concurrent Workers: 3
 Concurrent Refinement Workers: 13
 Periodic GC: Disabled
Heap:
 garbage-first heap   total 310272K, used 182384K [0x0000000080000000, 0x0000000100000000)
  region size 1024K, 80 young (81920K), 6 survivors (6144K)
 Metaspace       used 112018K, committed 112832K, reserved 1146880K
  class space    used 14803K, committed 15232K, reserved 1048576K
GC Heap History (20 events):
Event: 818.076 GC heap before
{Heap before GC invocations=47 (full 0):
 garbage-first heap   total 178176K, used 114098K [0x0000000080000000, 0x0000000100000000)
  region size 1024K, 4 young (4096K), 1 survivors (1024K)
 Metaspace       used 98527K, committed 99328K, reserved 1138688K
  class space    used 13275K, committed 13696K, reserved 1048576K
}
Event: 818.079 GC heap after
{Heap after GC invocations=48 (full 0):
 garbage-first heap   total 214016K, used 114550K [0x0000000080000000, 0x0000000100000000)
  region size 1024K, 3 young (3072K), 3 survivors (3072K)
 Metaspace       used 98527K, committed 99328K, reserved 1138688K
  class space    used 13275K, committed 13696K, reserved 1048576K
}
Event: 818.378 GC heap before
{Heap before GC invocations=49 (full 0):
 garbage-first heap   total 214016K, used 157558K [0x0000000080000000, 0x0000000100000000)
  region size 1024K, 37 young (37888K), 3 survivors (3072K)
 Metaspace       used 98676K, committed 99456K, reserved 1138688K
  class space    used 13294K, committed 13696K, reserved 1048576K
}
Event: 818.384 GC heap after
{Heap after GC invocations=50 (full 0):
 garbage-first heap   total 214016K, used 116726K [0x0000000080000000, 0x0000000100000000)
  region size 1024K, 5 young (5120K), 5 survivors (5120K)
 Metaspace       used 98676K, committed 99456K, reserved 1138688K
  class space    used 13294K, committed 13696K, reserved 1048576K
}
Event: 818.482 GC heap before
{Heap before GC invocations=50 (full 0):
 garbage-first heap   total 214016K, used 121846K [0x0000000080000000, 0x0000000100000000)
  region size 1024K, 10 young (10240K), 5 survivors (5120K)
 Metaspace       used 98700K, committed 99456K, reserved 1138688K
  class space    used 13294K, committed 13696K, reserved 1048576K
}
Event: 818.490 GC heap after
{Heap after GC invocations=51 (full 0):
 garbage-first heap   total 214016K, used 118684K [0x0000000080000000, 0x0000000100000000)
  region size 1024K, 2 young (2048K), 2 survivors (2048K)
 Metaspace       used 98700K, committed 99456K, reserved 1138688K
  class space    used 13294K, committed 13696K, reserved 1048576K
}
Event: 818.533 GC heap before
{Heap before GC invocations=51 (full 0):
 garbage-first heap   total 214016K, used 121756K [0x0000000080000000, 0x0000000100000000)
  region size 1024K, 6 young (6144K), 2 survivors (2048K)
 Metaspace       used 98705K, committed 99456K, reserved 1138688K
  class space    used 13294K, committed 13696K, reserved 1048576K
}
Event: 818.539 GC heap after
{Heap after GC invocations=52 (full 0):
 garbage-first heap   total 214016K, used 121546K [0x0000000080000000, 0x0000000100000000)
  region size 1024K, 5 young (5120K), 5 survivors (5120K)
 Metaspace       used 98705K, committed 99456K, reserved 1138688K
  class space    used 13294K, committed 13696K, reserved 1048576K
}
Event: 819.109 GC heap before
{Heap before GC invocations=53 (full 0):
 garbage-first heap   total 219136K, used 164554K [0x0000000080000000, 0x0000000100000000)
  region size 1024K, 31 young (31744K), 5 survivors (5120K)
 Metaspace       used 100878K, committed 101632K, reserved 1138688K
  class space    used 13500K, committed 13888K, reserved 1048576K
}
Event: 819.115 GC heap after
{Heap after GC invocations=54 (full 0):
 garbage-first heap   total 219136K, used 123725K [0x0000000080000000, 0x0000000100000000)
  region size 1024K, 3 young (3072K), 3 survivors (3072K)
 Metaspace       used 100878K, committed 101632K, reserved 1138688K
  class space    used 13500K, committed 13888K, reserved 1048576K
}
Event: 819.185 GC heap before
{Heap before GC invocations=54 (full 0):
 garbage-first heap   total 219136K, used 129869K [0x0000000080000000, 0x0000000100000000)
  region size 1024K, 10 young (10240K), 3 survivors (3072K)
 Metaspace       used 101243K, committed 101952K, reserved 1138688K
  class space    used 13536K, committed 13888K, reserved 1048576K
}
Event: 819.190 GC heap after
{Heap after GC invocations=55 (full 0):
 garbage-first heap   total 219136K, used 123455K [0x0000000080000000, 0x0000000100000000)
  region size 1024K, 2 young (2048K), 2 survivors (2048K)
 Metaspace       used 101243K, committed 101952K, reserved 1138688K
  class space    used 13536K, committed 13888K, reserved 1048576K
}
Event: 819.502 GC heap before
{Heap before GC invocations=55 (full 0):
 garbage-first heap   total 219136K, used 155199K [0x0000000080000000, 0x0000000100000000)
  region size 1024K, 33 young (33792K), 2 survivors (2048K)
 Metaspace       used 102181K, committed 102976K, reserved 1138688K
  class space    used 13634K, committed 14016K, reserved 1048576K
}
Event: 819.506 GC heap after
{Heap after GC invocations=56 (full 0):
 garbage-first heap   total 219136K, used 127624K [0x0000000080000000, 0x0000000100000000)
  region size 1024K, 5 young (5120K), 5 survivors (5120K)
 Metaspace       used 102181K, committed 102976K, reserved 1138688K
  class space    used 13634K, committed 14016K, reserved 1048576K
}
Event: 820.035 GC heap before
{Heap before GC invocations=57 (full 0):
 garbage-first heap   total 219136K, used 146056K [0x0000000080000000, 0x0000000100000000)
  region size 1024K, 38 young (38912K), 5 survivors (5120K)
 Metaspace       used 104569K, committed 105344K, reserved 1146880K
  class space    used 13836K, committed 14208K, reserved 1048576K
}
Event: 820.040 GC heap after
{Heap after GC invocations=58 (full 0):
 garbage-first heap   total 219136K, used 114772K [0x0000000080000000, 0x0000000100000000)
  region size 1024K, 2 young (2048K), 2 survivors (2048K)
 Metaspace       used 104569K, committed 105344K, reserved 1146880K
  class space    used 13836K, committed 14208K, reserved 1048576K
}
Event: 820.197 GC heap before
{Heap before GC invocations=58 (full 0):
 garbage-first heap   total 219136K, used 122964K [0x0000000080000000, 0x0000000100000000)
  region size 1024K, 10 young (10240K), 2 survivors (2048K)
 Metaspace       used 104958K, committed 105728K, reserved 1146880K
  class space    used 13879K, committed 14272K, reserved 1048576K
}
Event: 820.200 GC heap after
{Heap after GC invocations=59 (full 0):
 garbage-first heap   total 219136K, used 106302K [0x0000000080000000, 0x0000000100000000)
  region size 1024K, 2 young (2048K), 2 survivors (2048K)
 Metaspace       used 104958K, committed 105728K, reserved 1146880K
  class space    used 13879K, committed 14272K, reserved 1048576K
}
Event: 822.004 GC heap before
{Heap before GC invocations=59 (full 0):
 garbage-first heap   total 219136K, used 155454K [0x0000000080000000, 0x0000000100000000)
  region size 1024K, 50 young (51200K), 2 survivors (2048K)
 Metaspace       used 105969K, committed 106752K, reserved 1146880K
  class space    used 13999K, committed 14400K, reserved 1048576K
}
Event: 822.010 GC heap after
{Heap after GC invocations=60 (full 0):
 garbage-first heap   total 310272K, used 109680K [0x0000000080000000, 0x0000000100000000)
  region size 1024K, 6 young (6144K), 6 survivors (6144K)
 Metaspace       used 105969K, committed 106752K, reserved 1146880K
  class space    used 13999K, committed 14400K, reserved 1048576K
}

