# JRE version: OpenJDK Runtime Environment (17.0.6) (build 17.0.6+0-b2043.56-10027231)
# Java VM: OpenJDK 64-Bit Server VM (17.0.6+0-b2043.56-10027231, mixed mode, tiered, compressed oops, compressed class ptrs, g1 gc, windows-amd64)
GC Precious Log:
 CPUs: 16 total, 16 available
 Memory: 15791M
 Large Page Support: Disabled
 NUMA Support: Disabled
 Compressed Oops: Enabled (32-bit)
 Heap Region Size: 1M
 Heap Min Capacity: 8M
 Heap Initial Capacity: 248M
 Heap Max Capacity: 2G
 Pre-touch: Disabled
 Parallel Workers: 13
 Concurrent Workers: 3
 Concurrent Refinement Workers: 13
 Periodic GC: Disabled
Heap:
 garbage-first heap   total 253952K, used 105389K [0x0000000080000000, 0x0000000100000000)
  region size 1024K, 4 young (4096K), 4 survivors (4096K)
 Metaspace       used 103196K, committed 103872K, reserved 1146880K
  class space    used 13921K, committed 14208K, reserved 1048576K
GC Heap History (20 events):
Event: 8.619 GC heap after
{Heap after GC invocations=40 (full 0):
 garbage-first heap   total 128000K, used 72526K [0x0000000080000000, 0x0000000100000000)
  region size 1024K, 1 young (1024K), 1 survivors (1024K)
 Metaspace       used 88633K, committed 89280K, reserved 1130496K
  class space    used 12041K, committed 12352K, reserved 1048576K
}
Event: 9.070 GC heap before
{Heap before GC invocations=40 (full 0):
 garbage-first heap   total 128000K, used 101198K [0x0000000080000000, 0x0000000100000000)
  region size 1024K, 30 young (30720K), 1 survivors (1024K)
 Metaspace       used 90495K, committed 91136K, reserved 1130496K
  class space    used 12381K, committed 12672K, reserved 1048576K
}
Event: 9.073 GC heap after
{Heap after GC invocations=41 (full 0):
 garbage-first heap   total 128000K, used 74986K [0x0000000080000000, 0x0000000100000000)
  region size 1024K, 4 young (4096K), 4 survivors (4096K)
 Metaspace       used 90495K, committed 91136K, reserved 1130496K
  class space    used 12381K, committed 12672K, reserved 1048576K
}
Event: 9.193 GC heap before
{Heap before GC invocations=42 (full 0):
 garbage-first heap   total 142336K, used 101610K [0x0000000080000000, 0x0000000100000000)
  region size 1024K, 31 young (31744K), 4 survivors (4096K)
 Metaspace       used 91081K, committed 91712K, reserved 1130496K
  class space    used 12552K, committed 12864K, reserved 1048576K
}
Event: 9.197 GC heap after
{Heap after GC invocations=43 (full 0):
 garbage-first heap   total 142336K, used 77115K [0x0000000080000000, 0x0000000100000000)
  region size 1024K, 3 young (3072K), 3 survivors (3072K)
 Metaspace       used 91081K, committed 91712K, reserved 1130496K
  class space    used 12552K, committed 12864K, reserved 1048576K
}
Event: 9.213 GC heap before
{Heap before GC invocations=43 (full 0):
 garbage-first heap   total 142336K, used 80187K [0x0000000080000000, 0x0000000100000000)
  region size 1024K, 6 young (6144K), 3 survivors (3072K)
 Metaspace       used 91102K, committed 91712K, reserved 1130496K
  class space    used 12552K, committed 12864K, reserved 1048576K
}
Event: 9.216 GC heap after
{Heap after GC invocations=44 (full 0):
 garbage-first heap   total 171008K, used 76866K [0x0000000080000000, 0x0000000100000000)
  region size 1024K, 1 young (1024K), 1 survivors (1024K)
 Metaspace       used 91102K, committed 91712K, reserved 1130496K
  class space    used 12552K, committed 12864K, reserved 1048576K
}
Event: 9.642 GC heap before
{Heap before GC invocations=44 (full 0):
 garbage-first heap   total 171008K, used 132162K [0x0000000080000000, 0x0000000100000000)
  region size 1024K, 56 young (57344K), 1 survivors (1024K)
 Metaspace       used 91701K, committed 92416K, reserved 1130496K
  class space    used 12597K, committed 12928K, reserved 1048576K
}
Event: 9.646 GC heap after
{Heap after GC invocations=45 (full 0):
 garbage-first heap   total 171008K, used 80368K [0x0000000080000000, 0x0000000100000000)
  region size 1024K, 4 young (4096K), 4 survivors (4096K)
 Metaspace       used 91701K, committed 92416K, reserved 1130496K
  class space    used 12597K, committed 12928K, reserved 1048576K
}
Event: 10.030 GC heap before
{Heap before GC invocations=46 (full 0):
 garbage-first heap   total 171008K, used 135664K [0x0000000080000000, 0x0000000100000000)
  region size 1024K, 59 young (60416K), 4 survivors (4096K)
 Metaspace       used 92140K, committed 92736K, reserved 1130496K
  class space    used 12627K, committed 12928K, reserved 1048576K
}
Event: 10.034 GC heap after
{Heap after GC invocations=47 (full 0):
 garbage-first heap   total 171008K, used 84195K [0x0000000080000000, 0x0000000100000000)
  region size 1024K, 8 young (8192K), 8 survivors (8192K)
 Metaspace       used 92140K, committed 92736K, reserved 1130496K
  class space    used 12627K, committed 12928K, reserved 1048576K
}
Event: 10.055 GC heap before
{Heap before GC invocations=47 (full 0):
 garbage-first heap   total 171008K, used 85219K [0x0000000080000000, 0x0000000100000000)
  region size 1024K, 9 young (9216K), 8 survivors (8192K)
 Metaspace       used 92185K, committed 92800K, reserved 1130496K
  class space    used 12635K, committed 12928K, reserved 1048576K
}
Event: 10.059 GC heap after
{Heap after GC invocations=48 (full 0):
 garbage-first heap   total 171008K, used 85167K [0x0000000080000000, 0x0000000100000000)
  region size 1024K, 2 young (2048K), 2 survivors (2048K)
 Metaspace       used 92185K, committed 92800K, reserved 1130496K
  class space    used 12635K, committed 12928K, reserved 1048576K
}
Event: 10.714 GC heap before
{Heap before GC invocations=48 (full 0):
 garbage-first heap   total 171008K, used 140463K [0x0000000080000000, 0x0000000100000000)
  region size 1024K, 54 young (55296K), 2 survivors (2048K)
 Metaspace       used 99919K, committed 100608K, reserved 1138688K
  class space    used 13560K, committed 13888K, reserved 1048576K
}
Event: 10.717 GC heap after
{Heap after GC invocations=49 (full 0):
 garbage-first heap   total 171008K, used 92252K [0x0000000080000000, 0x0000000100000000)
  region size 1024K, 7 young (7168K), 7 survivors (7168K)
 Metaspace       used 99919K, committed 100608K, reserved 1138688K
  class space    used 13560K, committed 13888K, reserved 1048576K
}
Event: 11.641 GC heap before
{Heap before GC invocations=50 (full 0):
 garbage-first heap   total 171008K, used 136284K [0x0000000080000000, 0x0000000100000000)
  region size 1024K, 51 young (52224K), 7 survivors (7168K)
 Metaspace       used 101977K, committed 102656K, reserved 1138688K
  class space    used 13812K, committed 14144K, reserved 1048576K
}
Event: 11.648 GC heap after
{Heap after GC invocations=51 (full 0):
 garbage-first heap   total 171008K, used 101050K [0x0000000080000000, 0x0000000100000000)
  region size 1024K, 7 young (7168K), 7 survivors (7168K)
 Metaspace       used 101977K, committed 102656K, reserved 1138688K
  class space    used 13812K, committed 14144K, reserved 1048576K
}
Event: 11.684 GC heap before
{Heap before GC invocations=51 (full 0):
 garbage-first heap   total 171008K, used 102074K [0x0000000080000000, 0x0000000100000000)
  region size 1024K, 8 young (8192K), 7 survivors (7168K)
 Metaspace       used 102143K, committed 102784K, reserved 1138688K
  class space    used 13838K, committed 14144K, reserved 1048576K
}
Event: 11.688 GC heap after
{Heap after GC invocations=52 (full 0):
 garbage-first heap   total 171008K, used 102547K [0x0000000080000000, 0x0000000100000000)
  region size 1024K, 1 young (1024K), 1 survivors (1024K)
 Metaspace       used 102143K, committed 102784K, reserved 1138688K
  class space    used 13838K, committed 14144K, reserved 1048576K
}
Event: 12.266 GC heap before
{Heap before GC invocations=52 (full 0):
 garbage-first heap   total 171008K, used 137363K [0x0000000080000000, 0x0000000100000000)
  region size 1024K, 35 young (35840K), 1 survivors (1024K)
 Metaspace       used 103196K, committed 103872K, reserved 1146880K
  class space    used 13921K, committed 14208K, reserved 1048576K
}

